<?xml version="1.0" encoding="UTF-8"?>
<testng-results skipped="1" failed="0" ignored="0" total="3" passed="2">
  <reporter-output>
  </reporter-output>
  <suite name="Default suite" duration-ms="1672" started-at="2018-06-20T00:49:32Z" finished-at="2018-06-20T00:49:34Z">
    <groups>
    </groups>
    <test name="Default test" duration-ms="1672" started-at="2018-06-20T00:49:32Z" finished-at="2018-06-20T00:49:34Z">
      <class name="com.accenture.Calculadora.GenerateExtentReport">
        <test-method status="PASS" signature="startReport()[pri:0, instance:com.accenture.Calculadora.GenerateExtentReport@7cbd213e]" name="startReport" is-config="true" duration-ms="594" started-at="2018-06-20T00:49:32Z" finished-at="2018-06-20T00:49:33Z">
          <reporter-output>
          </reporter-output>
        </test-method> <!-- startReport -->
        <test-method status="PASS" signature="demoTestFail()[pri:0, instance:com.accenture.Calculadora.GenerateExtentReport@7cbd213e]" name="demoTestFail" duration-ms="15" started-at="2018-06-20T00:49:33Z" finished-at="2018-06-20T00:49:33Z">
          <reporter-output>
          </reporter-output>
        </test-method> <!-- demoTestFail -->
        <test-method status="PASS" signature="getResult(org.testng.ITestResult)[pri:0, instance:com.accenture.Calculadora.GenerateExtentReport@7cbd213e]" name="getResult" is-config="true" duration-ms="31" started-at="2018-06-20T00:49:33Z" finished-at="2018-06-20T00:49:33Z">
          <params>
            <param index="0">
              <value>
                <![CDATA[[TestResult name=demoTestFail status=SUCCESS method=GenerateExtentReport.demoTestFail()[pri:0, instance:com.accenture.Calculadora.GenerateExtentReport@7cbd213e] output={null}]]]>
              </value>
            </param>
          </params>
          <reporter-output>
          </reporter-output>
        </test-method> <!-- getResult -->
        <test-method status="PASS" signature="demoTestPass()[pri:0, instance:com.accenture.Calculadora.GenerateExtentReport@7cbd213e]" name="demoTestPass" duration-ms="0" started-at="2018-06-20T00:49:33Z" finished-at="2018-06-20T00:49:33Z">
          <reporter-output>
          </reporter-output>
        </test-method> <!-- demoTestPass -->
        <test-method status="PASS" signature="getResult(org.testng.ITestResult)[pri:0, instance:com.accenture.Calculadora.GenerateExtentReport@7cbd213e]" name="getResult" is-config="true" duration-ms="0" started-at="2018-06-20T00:49:33Z" finished-at="2018-06-20T00:49:33Z">
          <params>
            <param index="0">
              <value>
                <![CDATA[[TestResult name=demoTestPass status=SUCCESS method=GenerateExtentReport.demoTestPass()[pri:0, instance:com.accenture.Calculadora.GenerateExtentReport@7cbd213e] output={null}]]]>
              </value>
            </param>
          </params>
          <reporter-output>
          </reporter-output>
        </test-method> <!-- getResult -->
        <test-method status="SKIP" signature="demoTestSkip()[pri:0, instance:com.accenture.Calculadora.GenerateExtentReport@7cbd213e]" name="demoTestSkip" duration-ms="16" started-at="2018-06-20T00:49:33Z" finished-at="2018-06-20T00:49:33Z">
          <exception class="org.testng.SkipException">
            <message>
              <![CDATA[This test case not ready for execution]]>
            </message>
            <full-stacktrace>
              <![CDATA[org.testng.SkipException: This test case not ready for execution
at com.accenture.Calculadora.GenerateExtentReport.demoTestSkip(GenerateExtentReport.java:62)
at sun.reflect.NativeMethodAccessorImpl.invoke0(Native Method)
at sun.reflect.NativeMethodAccessorImpl.invoke(Unknown Source)
at sun.reflect.DelegatingMethodAccessorImpl.invoke(Unknown Source)
at java.lang.reflect.Method.invoke(Unknown Source)
at org.testng.internal.MethodInvocationHelper.invokeMethod(MethodInvocationHelper.java:124)
at org.testng.internal.Invoker.invokeMethod(Invoker.java:580)
at org.testng.internal.Invoker.invokeTestMethod(Invoker.java:716)
at org.testng.internal.Invoker.invokeTestMethods(Invoker.java:988)
at org.testng.internal.TestMethodWorker.invokeTestMethods(TestMethodWorker.java:125)
at org.testng.internal.TestMethodWorker.run(TestMethodWorker.java:109)
at org.testng.TestRunner.privateRun(TestRunner.java:648)
at org.testng.TestRunner.run(TestRunner.java:505)
at org.testng.SuiteRunner.runTest(SuiteRunner.java:455)
at org.testng.SuiteRunner.runSequentially(SuiteRunner.java:450)
at org.testng.SuiteRunner.privateRun(SuiteRunner.java:415)
at org.testng.SuiteRunner.run(SuiteRunner.java:364)
at org.testng.SuiteRunnerWorker.runSuite(SuiteRunnerWorker.java:52)
at org.testng.SuiteRunnerWorker.run(SuiteRunnerWorker.java:84)
at org.testng.TestNG.runSuitesSequentially(TestNG.java:1208)
at org.testng.TestNG.runSuitesLocally(TestNG.java:1137)
at org.testng.TestNG.runSuites(TestNG.java:1049)
at org.testng.TestNG.run(TestNG.java:1017)
at org.testng.remote.AbstractRemoteTestNG.run(AbstractRemoteTestNG.java:114)
at org.testng.remote.RemoteTestNG.initAndRun(RemoteTestNG.java:251)
at org.testng.remote.RemoteTestNG.main(RemoteTestNG.java:77)
]]>
            </full-stacktrace>
          </exception> <!-- org.testng.SkipException -->
          <reporter-output>
          </reporter-output>
        </test-method> <!-- demoTestSkip -->
        <test-method status="PASS" signature="getResult(org.testng.ITestResult)[pri:0, instance:com.accenture.Calculadora.GenerateExtentReport@7cbd213e]" name="getResult" is-config="true" duration-ms="31" started-at="2018-06-20T00:49:33Z" finished-at="2018-06-20T00:49:33Z">
          <params>
            <param index="0">
              <value>
                <![CDATA[[TestResult name=demoTestSkip status=SKIP method=GenerateExtentReport.demoTestSkip()[pri:0, instance:com.accenture.Calculadora.GenerateExtentReport@7cbd213e] output={null}]]]>
              </value>
            </param>
          </params>
          <reporter-output>
          </reporter-output>
        </test-method> <!-- getResult -->
        <test-method status="PASS" signature="tearDown()[pri:0, instance:com.accenture.Calculadora.GenerateExtentReport@7cbd213e]" name="tearDown" is-config="true" duration-ms="922" started-at="2018-06-20T00:49:33Z" finished-at="2018-06-20T00:49:34Z">
          <reporter-output>
          </reporter-output>
        </test-method> <!-- tearDown -->
      </class> <!-- com.accenture.Calculadora.GenerateExtentReport -->
    </test> <!-- Default test -->
  </suite> <!-- Default suite -->
</testng-results>
