<?xml version="1.0" encoding="UTF-8"?>
<!-- Generated by org.testng.reporters.JUnitXMLReporter -->
<testsuite hostname="CPX-SPB5QN69K0X" ignored="0" name="Default test" tests="3" failures="0" timestamp="20 Jun 2018 00:49:34 GMT" time="1.672" errors="0">
  <testcase name="demoTestFail" time="0.015" classname="com.accenture.Calculadora.GenerateExtentReport"/>
  <testcase name="demoTestPass" time="0.0" classname="com.accenture.Calculadora.GenerateExtentReport"/>
  <testcase name="demoTestSkip" time="0.016" classname="com.accenture.Calculadora.GenerateExtentReport">
    <skipped/>
  </testcase> <!-- demoTestSkip -->
</testsuite> <!-- Default test -->
